mode: set
baotian0506.com/app/menu/pkg/bo/bo_menu/menu_bo.go:34.40,38.2 1 1
baotian0506.com/app/menu/pkg/bo/bo_menu/menu_bo.go:40.40,42.24 2 1
baotian0506.com/app/menu/pkg/bo/bo_menu/menu_bo.go:46.2,46.24 1 1
baotian0506.com/app/menu/pkg/bo/bo_menu/menu_bo.go:49.2,59.16 4 1
baotian0506.com/app/menu/pkg/bo/bo_menu/menu_bo.go:64.2,65.16 2 1
baotian0506.com/app/menu/pkg/bo/bo_menu/menu_bo.go:68.2,70.12 2 1
baotian0506.com/app/menu/pkg/bo/bo_menu/menu_bo.go:42.24,44.3 1 1
baotian0506.com/app/menu/pkg/bo/bo_menu/menu_bo.go:46.24,48.3 1 1
baotian0506.com/app/menu/pkg/bo/bo_menu/menu_bo.go:59.16,62.3 2 0
baotian0506.com/app/menu/pkg/bo/bo_menu/menu_bo.go:65.16,67.3 1 0
baotian0506.com/app/menu/pkg/bo/bo_menu/menu_util.go:16.13,20.16 4 1
baotian0506.com/app/menu/pkg/bo/bo_menu/menu_util.go:20.16,22.13 2 0
baotian0506.com/app/menu/pkg/bo/bo_menu/menu_util.go:26.17,33.2 0 0
baotian0506.com/app/menu/pkg/bo/bo_menu/menu_util.go:35.18,44.2 3 0
baotian0506.com/app/menu/pkg/bo/bo_menu/menu_util.go:46.15,49.32 2 0
baotian0506.com/app/menu/pkg/bo/bo_menu/menu_util.go:52.2,57.32 4 0
baotian0506.com/app/menu/pkg/bo/bo_menu/menu_util.go:63.2,69.32 5 0
baotian0506.com/app/menu/pkg/bo/bo_menu/menu_util.go:72.2,79.32 6 0
baotian0506.com/app/menu/pkg/bo/bo_menu/menu_util.go:82.2,89.32 5 0
baotian0506.com/app/menu/pkg/bo/bo_menu/menu_util.go:94.2,95.69 2 0
baotian0506.com/app/menu/pkg/bo/bo_menu/menu_util.go:49.32,51.3 1 0
baotian0506.com/app/menu/pkg/bo/bo_menu/menu_util.go:57.32,62.3 3 0
baotian0506.com/app/menu/pkg/bo/bo_menu/menu_util.go:69.32,71.3 1 0
baotian0506.com/app/menu/pkg/bo/bo_menu/menu_util.go:79.32,81.3 1 0
baotian0506.com/app/menu/pkg/bo/bo_menu/menu_util.go:89.32,93.3 3 0
baotian0506.com/app/menu/pkg/bo/bo_menu/menu_util.go:99.15,102.32 2 0
baotian0506.com/app/menu/pkg/bo/bo_menu/menu_util.go:105.2,110.32 4 0
baotian0506.com/app/menu/pkg/bo/bo_menu/menu_util.go:115.2,121.32 5 0
baotian0506.com/app/menu/pkg/bo/bo_menu/menu_util.go:124.2,131.32 6 0
baotian0506.com/app/menu/pkg/bo/bo_menu/menu_util.go:134.2,141.32 5 0
baotian0506.com/app/menu/pkg/bo/bo_menu/menu_util.go:146.2,147.69 2 0
baotian0506.com/app/menu/pkg/bo/bo_menu/menu_util.go:102.32,104.3 1 0
baotian0506.com/app/menu/pkg/bo/bo_menu/menu_util.go:110.32,114.3 3 0
baotian0506.com/app/menu/pkg/bo/bo_menu/menu_util.go:121.32,123.3 1 0
baotian0506.com/app/menu/pkg/bo/bo_menu/menu_util.go:131.32,133.3 1 0
baotian0506.com/app/menu/pkg/bo/bo_menu/menu_util.go:141.32,145.3 3 0
baotian0506.com/app/menu/pkg/bo/bo_menu/menu_util.go:151.14,157.18 4 0
baotian0506.com/app/menu/pkg/bo/bo_menu/menu_util.go:165.2,174.18 8 0
baotian0506.com/app/menu/pkg/bo/bo_menu/menu_util.go:182.2,191.18 8 0
baotian0506.com/app/menu/pkg/bo/bo_menu/menu_util.go:199.2,200.68 2 0
baotian0506.com/app/menu/pkg/bo/bo_menu/menu_util.go:157.18,160.47 3 0
baotian0506.com/app/menu/pkg/bo/bo_menu/menu_util.go:160.47,162.4 1 0
baotian0506.com/app/menu/pkg/bo/bo_menu/menu_util.go:174.18,177.47 3 0
baotian0506.com/app/menu/pkg/bo/bo_menu/menu_util.go:177.47,179.4 1 0
baotian0506.com/app/menu/pkg/bo/bo_menu/menu_util.go:191.18,194.47 3 0
baotian0506.com/app/menu/pkg/bo/bo_menu/menu_util.go:194.47,196.4 1 0
baotian0506.com/app/menu/pkg/bo/bo_menu/menu_util.go:203.15,208.32 2 0
baotian0506.com/app/menu/pkg/bo/bo_menu/menu_util.go:212.2,217.32 4 0
baotian0506.com/app/menu/pkg/bo/bo_menu/menu_util.go:223.2,229.32 5 0
baotian0506.com/app/menu/pkg/bo/bo_menu/menu_util.go:233.2,241.32 6 0
baotian0506.com/app/menu/pkg/bo/bo_menu/menu_util.go:246.2,253.32 5 0
baotian0506.com/app/menu/pkg/bo/bo_menu/menu_util.go:260.2,261.69 2 0
baotian0506.com/app/menu/pkg/bo/bo_menu/menu_util.go:208.32,211.3 1 0
baotian0506.com/app/menu/pkg/bo/bo_menu/menu_util.go:217.32,222.3 3 0
baotian0506.com/app/menu/pkg/bo/bo_menu/menu_util.go:229.32,232.3 1 0
baotian0506.com/app/menu/pkg/bo/bo_menu/menu_util.go:241.32,244.3 1 0
baotian0506.com/app/menu/pkg/bo/bo_menu/menu_util.go:253.32,259.3 3 0
baotian0506.com/app/menu/pkg/bo/bo_menu/menu_util.go:264.15,270.18 4 0
baotian0506.com/app/menu/pkg/bo/bo_menu/menu_util.go:285.2,296.18 9 0
baotian0506.com/app/menu/pkg/bo/bo_menu/menu_util.go:304.2,313.18 8 0
baotian0506.com/app/menu/pkg/bo/bo_menu/menu_util.go:321.2,322.68 2 0
baotian0506.com/app/menu/pkg/bo/bo_menu/menu_util.go:270.18,274.25 4 0
baotian0506.com/app/menu/pkg/bo/bo_menu/menu_util.go:280.3,280.47 1 0
baotian0506.com/app/menu/pkg/bo/bo_menu/menu_util.go:283.3,283.46 1 0
baotian0506.com/app/menu/pkg/bo/bo_menu/menu_util.go:274.25,278.4 1 0
baotian0506.com/app/menu/pkg/bo/bo_menu/menu_util.go:280.47,282.4 1 0
baotian0506.com/app/menu/pkg/bo/bo_menu/menu_util.go:296.18,299.47 3 0
baotian0506.com/app/menu/pkg/bo/bo_menu/menu_util.go:299.47,301.4 1 0
baotian0506.com/app/menu/pkg/bo/bo_menu/menu_util.go:313.18,316.47 3 0
baotian0506.com/app/menu/pkg/bo/bo_menu/menu_util.go:316.47,318.4 1 0
